{
  "uid" : "2c0d37b78cd9710e",
  "name" : "验证手机验证码",
  "fullName" : "scripts.test_wallet.TestWallet#test_phone_code",
  "historyId" : "1e8e51bf8b4f2f356d2413f610f21773",
  "time" : {
    "start" : 1624522189751,
    "stop" : 1624522221922,
    "duration" : 32171
  },
  "status" : "broken",
  "statusMessage" : "selenium.common.exceptions.TimeoutException: Message:",
  "statusTrace" : "self = <test_wallet.TestWallet object at 0x0000021FA805CEC8>, username = '', code = '12345', toast = '验证码错误'\n\n    @allure.story(\"手机验证码\")\n    @allure.title(\"验证手机验证码\")\n    @allure.step(\"开始执行用例\")\n    @pytest.mark.parametrize(\"username, code, toast\", read_line(\"wallet.txt\", 4))\n    def test_phone_code(self, username, code, toast):\n        try:\n>           self.wallet.page_input_code(code)\n\nscripts\\test_wallet.py:68: \n_ _ _ _ _ _ _ _ _ _ _ _ _ _ _ _ _ _ _ _ _ _ _ _ _ _ _ _ _ _ _ _ _ _ _ _ _ _ _ _ _ _ _ _ _ _ _ _ _ _ _ _ _ _ _ _ _ _ _ _\nPage\\page_wallet.py:75: in page_input_code\n    self.base_input(Page.add_card_input_code, code)\nbase\\base.py:24: in base_input\n    el = self.base_find_element(loc)\nbase\\base.py:11: in base_find_element\n    return WebDriverWait(self.driver, timeout=timeout, poll_frequency=poll).until(lambda x: x.find_element(*loc))\n_ _ _ _ _ _ _ _ _ _ _ _ _ _ _ _ _ _ _ _ _ _ _ _ _ _ _ _ _ _ _ _ _ _ _ _ _ _ _ _ _ _ _ _ _ _ _ _ _ _ _ _ _ _ _ _ _ _ _ _\n\nself = <selenium.webdriver.support.wait.WebDriverWait (session=\"26a328ed-76ac-49a8-941b-f3259b11584e\")>\nmethod = <function Base.base_find_element.<locals>.<lambda> at 0x0000021FA7FE3AF8>, message = ''\n\n    def until(self, method, message=''):\n        \"\"\"Calls the method provided with the driver as an argument until the \\\n        return value is not False.\"\"\"\n        screen = None\n        stacktrace = None\n    \n        end_time = time.time() + self._timeout\n        while True:\n            try:\n                value = method(self._driver)\n                if value:\n                    return value\n            except self._ignored_exceptions as exc:\n                screen = getattr(exc, 'screen', None)\n                stacktrace = getattr(exc, 'stacktrace', None)\n            time.sleep(self._poll)\n            if time.time() > end_time:\n                break\n>       raise TimeoutException(message, screen, stacktrace)\nE       selenium.common.exceptions.TimeoutException: Message:\n\nd:\\tools\\python3.7.4\\lib\\site-packages\\selenium\\webdriver\\support\\wait.py:80: TimeoutException",
  "flaky" : false,
  "beforeStages" : [ {
    "name" : "xunit_setup_class_fixture_TestWallet",
    "time" : {
      "start" : 1624522036296,
      "stop" : 1624522065644,
      "duration" : 29348
    },
    "status" : "passed",
    "steps" : [ {
      "name" : "跳过开屏广告",
      "time" : {
        "start" : 1624522053720,
        "stop" : 1624522054608,
        "duration" : 888
      },
      "status" : "passed",
      "steps" : [ ],
      "attachments" : [ ],
      "parameters" : [ ],
      "attachmentsCount" : 0,
      "shouldDisplayMessage" : false,
      "hasContent" : false,
      "stepsCount" : 0
    }, {
      "name" : "点击导航栏钱包",
      "time" : {
        "start" : 1624522054608,
        "stop" : 1624522065644,
        "duration" : 11036
      },
      "status" : "passed",
      "steps" : [ ],
      "attachments" : [ ],
      "parameters" : [ ],
      "attachmentsCount" : 0,
      "shouldDisplayMessage" : false,
      "hasContent" : false,
      "stepsCount" : 0
    } ],
    "attachments" : [ ],
    "parameters" : [ ],
    "attachmentsCount" : 0,
    "shouldDisplayMessage" : false,
    "hasContent" : true,
    "stepsCount" : 2
  } ],
  "testStage" : {
    "status" : "broken",
    "statusMessage" : "selenium.common.exceptions.TimeoutException: Message:",
    "statusTrace" : "self = <test_wallet.TestWallet object at 0x0000021FA805CEC8>, username = '', code = '12345', toast = '验证码错误'\n\n    @allure.story(\"手机验证码\")\n    @allure.title(\"验证手机验证码\")\n    @allure.step(\"开始执行用例\")\n    @pytest.mark.parametrize(\"username, code, toast\", read_line(\"wallet.txt\", 4))\n    def test_phone_code(self, username, code, toast):\n        try:\n>           self.wallet.page_input_code(code)\n\nscripts\\test_wallet.py:68: \n_ _ _ _ _ _ _ _ _ _ _ _ _ _ _ _ _ _ _ _ _ _ _ _ _ _ _ _ _ _ _ _ _ _ _ _ _ _ _ _ _ _ _ _ _ _ _ _ _ _ _ _ _ _ _ _ _ _ _ _\nPage\\page_wallet.py:75: in page_input_code\n    self.base_input(Page.add_card_input_code, code)\nbase\\base.py:24: in base_input\n    el = self.base_find_element(loc)\nbase\\base.py:11: in base_find_element\n    return WebDriverWait(self.driver, timeout=timeout, poll_frequency=poll).until(lambda x: x.find_element(*loc))\n_ _ _ _ _ _ _ _ _ _ _ _ _ _ _ _ _ _ _ _ _ _ _ _ _ _ _ _ _ _ _ _ _ _ _ _ _ _ _ _ _ _ _ _ _ _ _ _ _ _ _ _ _ _ _ _ _ _ _ _\n\nself = <selenium.webdriver.support.wait.WebDriverWait (session=\"26a328ed-76ac-49a8-941b-f3259b11584e\")>\nmethod = <function Base.base_find_element.<locals>.<lambda> at 0x0000021FA7FE3AF8>, message = ''\n\n    def until(self, method, message=''):\n        \"\"\"Calls the method provided with the driver as an argument until the \\\n        return value is not False.\"\"\"\n        screen = None\n        stacktrace = None\n    \n        end_time = time.time() + self._timeout\n        while True:\n            try:\n                value = method(self._driver)\n                if value:\n                    return value\n            except self._ignored_exceptions as exc:\n                screen = getattr(exc, 'screen', None)\n                stacktrace = getattr(exc, 'stacktrace', None)\n            time.sleep(self._poll)\n            if time.time() > end_time:\n                break\n>       raise TimeoutException(message, screen, stacktrace)\nE       selenium.common.exceptions.TimeoutException: Message:\n\nd:\\tools\\python3.7.4\\lib\\site-packages\\selenium\\webdriver\\support\\wait.py:80: TimeoutException",
    "steps" : [ {
      "name" : "开始执行用例",
      "time" : {
        "start" : 1624522189752,
        "stop" : 1624522221922,
        "duration" : 32170
      },
      "status" : "broken",
      "statusMessage" : "selenium.common.exceptions.TimeoutException: Message: \n\n",
      "statusTrace" : "  File \"d:\\tools\\python3.7.4\\lib\\site-packages\\allure_commons\\_allure.py\", line 172, in impl\n    return func(*a, **kw)\n  File \"D:\\Demo\\BHTAndroidAutoTest\\scripts\\test_wallet.py\", line 68, in test_phone_code\n    self.wallet.page_input_code(code)\n  File \"d:\\tools\\python3.7.4\\lib\\site-packages\\allure_commons\\_allure.py\", line 172, in impl\n    return func(*a, **kw)\n  File \"D:\\Demo\\BHTAndroidAutoTest\\Page\\page_wallet.py\", line 75, in page_input_code\n    self.base_input(Page.add_card_input_code, code)\n  File \"D:\\Demo\\BHTAndroidAutoTest\\base\\base.py\", line 24, in base_input\n    el = self.base_find_element(loc)\n  File \"D:\\Demo\\BHTAndroidAutoTest\\base\\base.py\", line 11, in base_find_element\n    return WebDriverWait(self.driver, timeout=timeout, poll_frequency=poll).until(lambda x: x.find_element(*loc))\n  File \"d:\\tools\\python3.7.4\\lib\\site-packages\\selenium\\webdriver\\support\\wait.py\", line 80, in until\n    raise TimeoutException(message, screen, stacktrace)\n",
      "steps" : [ {
        "name" : "输入验证码",
        "time" : {
          "start" : 1624522189752,
          "stop" : 1624522220405,
          "duration" : 30653
        },
        "status" : "broken",
        "statusMessage" : "selenium.common.exceptions.TimeoutException: Message: \n\n",
        "statusTrace" : "  File \"d:\\tools\\python3.7.4\\lib\\site-packages\\allure_commons\\_allure.py\", line 172, in impl\n    return func(*a, **kw)\n  File \"D:\\Demo\\BHTAndroidAutoTest\\Page\\page_wallet.py\", line 75, in page_input_code\n    self.base_input(Page.add_card_input_code, code)\n  File \"D:\\Demo\\BHTAndroidAutoTest\\base\\base.py\", line 24, in base_input\n    el = self.base_find_element(loc)\n  File \"D:\\Demo\\BHTAndroidAutoTest\\base\\base.py\", line 11, in base_find_element\n    return WebDriverWait(self.driver, timeout=timeout, poll_frequency=poll).until(lambda x: x.find_element(*loc))\n  File \"d:\\tools\\python3.7.4\\lib\\site-packages\\selenium\\webdriver\\support\\wait.py\", line 80, in until\n    raise TimeoutException(message, screen, stacktrace)\n",
        "steps" : [ ],
        "attachments" : [ ],
        "parameters" : [ {
          "name" : "code",
          "value" : "'12345'"
        } ],
        "attachmentsCount" : 0,
        "shouldDisplayMessage" : true,
        "hasContent" : true,
        "stepsCount" : 0
      } ],
      "attachments" : [ {
        "uid" : "5540526d1c6e2861",
        "name" : "失败原因见截图:",
        "source" : "5540526d1c6e2861.png",
        "type" : "image/png",
        "size" : 75584
      } ],
      "parameters" : [ {
        "name" : "username",
        "value" : "''"
      }, {
        "name" : "code",
        "value" : "'12345'"
      }, {
        "name" : "toast",
        "value" : "'验证码错误'"
      } ],
      "attachmentsCount" : 1,
      "shouldDisplayMessage" : false,
      "hasContent" : true,
      "stepsCount" : 1
    } ],
    "attachments" : [ ],
    "parameters" : [ ],
    "attachmentsCount" : 1,
    "shouldDisplayMessage" : true,
    "hasContent" : true,
    "stepsCount" : 2
  },
  "afterStages" : [ {
    "name" : "xunit_setup_class_fixture_TestWallet::0",
    "time" : {
      "start" : 1624522221938,
      "stop" : 1624522247868,
      "duration" : 25930
    },
    "status" : "passed",
    "steps" : [ {
      "name" : "退出登录",
      "time" : {
        "start" : 1624522221938,
        "stop" : 1624522247540,
        "duration" : 25602
      },
      "status" : "passed",
      "steps" : [ ],
      "attachments" : [ ],
      "parameters" : [ ],
      "attachmentsCount" : 0,
      "shouldDisplayMessage" : false,
      "hasContent" : false,
      "stepsCount" : 0
    } ],
    "attachments" : [ ],
    "parameters" : [ ],
    "attachmentsCount" : 0,
    "shouldDisplayMessage" : false,
    "hasContent" : true,
    "stepsCount" : 1
  } ],
  "labels" : [ {
    "name" : "feature",
    "value" : "钱包模块"
  }, {
    "name" : "story",
    "value" : "手机验证码"
  }, {
    "name" : "parentSuite",
    "value" : "scripts"
  }, {
    "name" : "suite",
    "value" : "test_wallet"
  }, {
    "name" : "subSuite",
    "value" : "TestWallet"
  }, {
    "name" : "host",
    "value" : "LAPTOP-NOINN6VH"
  }, {
    "name" : "thread",
    "value" : "31724-MainThread"
  }, {
    "name" : "framework",
    "value" : "pytest"
  }, {
    "name" : "language",
    "value" : "cpython3"
  }, {
    "name" : "package",
    "value" : "scripts.test_wallet"
  }, {
    "name" : "resultFormat",
    "value" : "allure2"
  } ],
  "parameters" : [ {
    "name" : "code",
    "value" : "'12345'"
  }, {
    "name" : "toast",
    "value" : "'验证码错误'"
  }, {
    "name" : "username",
    "value" : "''"
  } ],
  "links" : [ ],
  "hidden" : false,
  "retry" : false,
  "extra" : {
    "severity" : "normal",
    "retries" : [ ],
    "categories" : [ {
      "name" : "Test defects",
      "matchedStatuses" : [ ],
      "flaky" : false
    } ],
    "tags" : [ ]
  },
  "source" : "2c0d37b78cd9710e.json",
  "parameterValues" : [ "'12345'", "'验证码错误'", "''" ]
}